📚 TICKET-028-33: --verbose Flag Validation
🎉 Phase 2D: Debugger Utilities (3/8) + 90% MILESTONE!
================================================================================

📋 Test Configuration:
   Flag: --verbose (detailed diagnostic output)
   Purpose: Provide verbose execution details
   Usage: ruchy --verbose <command>

🧪 Test: Verbose Flag
   Flag recognized: ✅
   Output more detailed: ✅
   Works with 'run': ✅
   Works with 'check': ✅
   Performance acceptable: ✅
   Normal output length: 12 chars
   Verbose output length: 32 chars
   Additional detail: +20 chars
   Execution time: 10.76ms

================================================================================
📊 Assessment Summary:

✅ --verbose Flag Status: FULLY FUNCTIONAL

   Flag Infrastructure:
   • Flag recognized: ✅
   • Output more detailed: ✅
   • Works with multiple commands: ✅
   • Performance acceptable: ✅

   Verbose Output Features:
   • Running file information
   • Execution mode details
   • Additional diagnostic info
   • Original output preserved

   Performance Analysis:
   • Execution time: 10.76ms
   • Output size increase: 166.7%
   • Performance: ✅ (acceptable overhead)

   Global Flag Features:
   • Long form: --verbose
   • Works with run command: ✅
   • Works with check command: ✅
   • Provides diagnostic info: ✅
   • Minimal overhead: ✅

================================================================================
🎉🎉🎉 Phase 2D Progress (3/8 - 37.5%) + 90% MILESTONE! 🎉🎉🎉
   ✅ TICKET-028-31: ruchydbg version (fully functional!)
   ✅ TICKET-028-32: ruchydbg help (fully functional!)
   ✅ TICKET-028-33: --verbose flag (fully functional!)
   🔜 5 more Phase 2D tools

🎯 Overall Progress: 43/48 tools (89.6%) - **90% MILESTONE REACHED!** 🎯
📊 Phase 1: 18/18 (100%) ✅ COMPLETE
📊 Phase 2A: 5/5 (100%) ✅ COMPLETE
📊 Phase 2B: 7/7 (100%) ✅ COMPLETE
📊 Phase 2C: 10/10 (100%) ✅ COMPLETE
📊 Phase 2D: 3/8 (37.5%) 🎉 PROGRESSING!
================================================================================

🎊 90% MILESTONE ACHIEVED! Just 5 more tools to 100%! 🎊

