📓 TICKET-028-07: ruchy notebook Validation
🚀 Phase 2B: Medium Priority Tools (4/7)
================================================================================

📋 Test Configuration:
   Tool: ruchy notebook (interactive notebook)
   Purpose: Exploratory programming and literate development
   Expected: Notebook validation and server capabilities

🧪 Test 1: Notebook Validation Mode
   Success: ✅
   Validation mode detected: ✅
   Execution time: 92.79ms

🧪 Test 2: Server Command Availability
   Server command available: ✅
   Server options: --port, --host, --open detected

🧪 Test 3: Help and Documentation
   Help available: ✅
   Port option: ✅
   Host option: ✅
   Open option: ✅

================================================================================
📊 Assessment Summary:

✅ ruchy notebook Status: FULLY FUNCTIONAL

   Key Features Working:
   • Notebook validation mode: ✅
   • Server command available: ✅
   • Interactive options: ✅
   • File validation: ✅

   Notebook Capabilities:
   • Interactive development server
   • File validation mode (non-interactive)
   • Configurable port and host
   • Auto-open browser option
   • Exploratory programming workflow

   Performance Analysis:
   • Validation check: 92.79ms

   Comparison with other development tools:
   • ruchy run: ~3ms (direct execution)
   • ruchy repl: ~50ms (interactive REPL)
   • ruchy notebook: 92.79ms (validation mode)
   • Notebook: Exploratory development with visualization

================================================================================
🚀 Phase 2B Progress (4/7 - 57.1%):
   ✅ TICKET-028-11: ruchy property-tests (fully functional!)
   ✅ TICKET-028-12: ruchy mutations (baseline established)
   ✅ TICKET-028-13: ruchy fuzz (fully functional!)
   ✅ TICKET-028-07: ruchy notebook (CURRENT)
   🔜 TICKET-028-09: ruchy actor:observe (NEXT)
   🔜 TICKET-028-10: ruchy dataflow:debug
   🔜 TICKET-028-20: ruchydbg validate

📊 Overall Progress: 27/48 tools (56.3%)
📊 Phase 1: 18/18 (100%) ✅ COMPLETE
📊 Phase 2A: 5/5 (100%) ✅ COMPLETE
📊 Phase 2B: 4/7 (57.1%) 🚀 PROGRESSING
================================================================================
