📚 TICKET-028-30: help Command Validation
🎉 Phase 2C: Low Priority Tools (10/10 - 100% COMPLETE!)
================================================================================

📋 Test Configuration:
   Command: help (subcommand help system)
   Purpose: Display detailed help for subcommands
   Usage: ruchy help <subcommand>

🧪 Test: Help System
   Help command exists: ✅
   Subcommand help works: ✅
   Output quality: ✅
   Execution time: 10.00ms

================================================================================
📊 Assessment Summary:

✅ help Command Status: FULLY FUNCTIONAL

   Command Infrastructure:
   • Help command exists: ✅
   • Subcommand help: ✅
   • Output quality: ✅

   Performance Analysis:
   • Total test time: 10.00ms
   • Per-command average: 3.33ms
   • Performance: ✅ (<50ms target met)

   Help System Features:
   • Subcommand help: ✅
   • Usage information: ✅
   • Options documentation: ✅
   • Clean formatting: ✅
   • Comprehensive coverage: ✅

================================================================================
🎉🎉🎉 Phase 2C Progress (10/10 - 100% COMPLETE!) 🎉🎉🎉
   ✅ TICKET-028-21: ruchy new (fully functional!)
   ✅ TICKET-028-22: ruchy build (fully functional!)
   ✅ TICKET-028-23: ruchy add (fully functional!)
   ✅ TICKET-028-24: ruchy publish (baseline established)
   ✅ TICKET-028-25: ruchy serve (fully functional!)
   ✅ TICKET-028-26: ruchy doc (fully functional!)
   ✅ TICKET-028-27: ruchy replay-to-tests (baseline established)
   ✅ TICKET-028-28: --vm-mode (fully functional!)
   ✅ TICKET-028-29: --eval (fully functional!)
   ✅ TICKET-028-30: help (FINAL - fully functional!)

🎯 Overall Progress: 40/48 tools (83.3%)
📊 Phase 1: 18/18 (100%) ✅ COMPLETE
📊 Phase 2A: 5/5 (100%) ✅ COMPLETE
📊 Phase 2B: 7/7 (100%) ✅ COMPLETE
📊 Phase 2C: 10/10 (100%) ✅ COMPLETE!
================================================================================

🎊 PHASE 2C COMPLETE! Moving towards 100% tool coverage! 🎊

