🏁 TICKET-018-15: ruchy bench validation
🚨 EXPECTED: Tool not yet implemented
============================================================

📊 Found 69 .ruchy files to analyze

⚠️ tests/ch04-practical-patterns/test_01_safe_calculator.ruchy
⚠️ tests/ch04-practical-patterns/test_03_accumulator_patterns.ruchy
⚠️ tests/ch04-modules/test_02_use_statement.ruchy
⚠️ tests/ch04-modules/test_01_basic_module.ruchy
⚠️ tests/extracted/ch10-00-input-output-tdd_example_1.ruchy
⚠️ tests/extracted/ch10-00-input-output-tdd_example_9.ruchy
⚠️ tests/extracted/ch10-00-input-output-tdd_example_8.ruchy
⚠️ tests/extracted/ch10-00-input-output-tdd_example_5.ruchy
⚠️ tests/extracted/ch01-02-hello-world_example_5.ruchy
⚠️ tests/extracted/ch03-00-functions-tdd_example_7.ruchy
⚠️ tests/extracted/ch03-00-functions-tdd_example_3.ruchy
⚠️ tests/extracted/ch01-02-hello-world-tdd_example_5.ruchy
⚠️ tests/extracted/ch06-00-data-structures-tdd_example_4.ruchy
⚠️ tests/extracted/ch05-00-control-flow-tdd_example_5.ruchy
⚠️ tests/extracted/ch01-02-hello-world_example_4.ruchy
⚠️ tests/extracted/ch05-00-control-flow-tdd_example_14.ruchy
⚠️ tests/extracted/ch10-00-input-output-tdd_example_6.ruchy
⚠️ tests/extracted/ch05-00-control-flow-tdd_example_1.ruchy
⚠️ tests/extracted/ch03-00-functions-tdd_example_4.ruchy
⚠️ tests/extracted/ch05-00-control-flow-tdd_example_12.ruchy
⚠️ tests/extracted/ch02-00-variables-types-tdd_example_5.ruchy
⚠️ tests/extracted/ch05-00-control-flow-tdd_example_6.ruchy
⚠️ tests/extracted/ch03-00-functions-tdd_example_9.ruchy
⚠️ tests/extracted/ch03-00-functions-tdd_example_5.ruchy
⚠️ tests/extracted/ch02-00-variables-types-tdd_example_7.ruchy
⚠️ tests/extracted/conclusion_example_1.ruchy
⚠️ tests/extracted/ch02-00-variables-types-tdd_example_2.ruchy
⚠️ tests/extracted/ch02-00-variables-types-tdd_example_6.ruchy
⚠️ tests/extracted/ch01-02-hello-world_example_8.ruchy
⚠️ tests/extracted/ch05-00-control-flow-tdd_example_10.ruchy
⚠️ tests/extracted/ch05-00-control-flow-tdd_example_7.ruchy
⚠️ tests/extracted/ch05-00-control-flow-tdd_example_8.ruchy
⚠️ tests/extracted/ch05-00-control-flow-tdd_example_2.ruchy
⚠️ tests/extracted/ch02-00-variables-types-tdd_example_3.ruchy
⚠️ tests/extracted/ch01-02-hello-world_example_6.ruchy
⚠️ tests/extracted/ch06-00-data-structures-tdd_example_2.ruchy
⚠️ tests/extracted/ch21-00-professional-tooling-tdd_example_1.ruchy
⚠️ tests/extracted/ch03-00-functions-tdd_example_6.ruchy
⚠️ tests/extracted/ch10-00-input-output-tdd_example_2.ruchy
⚠️ tests/extracted/ch06-00-data-structures-tdd_example_7.ruchy
⚠️ tests/extracted/ch01-02-hello-world-tdd_example_3.ruchy
⚠️ tests/extracted/ch01-02-hello-world_example_1.ruchy
⚠️ tests/extracted/ch01-02-hello-world-tdd_example_2.ruchy
⚠️ tests/extracted/ch01-02-hello-world-tdd_example_1.ruchy
⚠️ tests/extracted/ch06-00-data-structures-tdd_example_5.ruchy
⚠️ tests/extracted/ch05-00-control-flow-tdd_example_13.ruchy
⚠️ tests/extracted/ch02-00-variables-types-tdd_example_8.ruchy
⚠️ tests/extracted/ch02-00-variables-types-tdd_example_1.ruchy
⚠️ tests/extracted/ch10-00-input-output-tdd_example_3.ruchy
⚠️ tests/extracted/ch05-00-control-flow-tdd_example_9.ruchy
⚠️ tests/extracted/ch01-02-hello-world_example_3.ruchy
⚠️ tests/extracted/ch03-00-functions-tdd_example_1.ruchy
⚠️ tests/extracted/ch01-02-hello-world-tdd_example_4.ruchy
⚠️ tests/extracted/ch05-00-control-flow-tdd_example_4.ruchy
⚠️ tests/extracted/ch10-00-input-output-tdd_example_10.ruchy
⚠️ tests/extracted/ch03-00-functions-tdd_example_2.ruchy
⚠️ tests/extracted/ch01-02-hello-world-tdd_example_6.ruchy
⚠️ tests/extracted/ch06-00-data-structures-tdd_example_1.ruchy
⚠️ tests/extracted/ch06-00-data-structures-tdd_example_8.ruchy
⚠️ tests/extracted/ch03-00-functions-tdd_example_8.ruchy
⚠️ tests/extracted/ch06-00-data-structures-tdd_example_3.ruchy
⚠️ tests/extracted/ch05-00-control-flow-tdd_example_3.ruchy
⚠️ tests/extracted/ch01-02-hello-world_example_2.ruchy
⚠️ tests/extracted/ch06-00-data-structures-tdd_example_6.ruchy
⚠️ tests/extracted/ch01-02-hello-world_example_7.ruchy
⚠️ tests/extracted/ch02-00-variables-types-tdd_example_4.ruchy
⚠️ tests/extracted/ch05-00-control-flow-tdd_example_11.ruchy
⚠️ tests/extracted/ch10-00-input-output-tdd_example_4.ruchy
⚠️ tests/extracted/ch10-00-input-output-tdd_example_7.ruchy

============================================================
📈 SUMMARY
============================================================
Total files: 69
Tool implemented: 0 (0.0%)
Tool not implemented: 69 (100.0%)
Average detection time: 3ms

============================================================
🔍 TOOL STATUS ASSESSMENT
============================================================
Status: ⚠️  NOT IMPLEMENTED
Evidence: All files return 'Command not yet implemented'
Help text: ✅ Available (shows expected interface)
Actual execution: ❌ Not implemented

Recommendation:
- Integrate for baseline and interface documentation
- File GitHub issue to track implementation status
- Re-run when implementation becomes available

============================================================
📊 PHASE 1D STATUS
============================================================
Phase 1D - Performance & Analysis:
  ✅ TICKET-018-13: ruchy runtime (BigO analysis)
  ✅ TICKET-018-14: ruchy provability (bug #99 filed)
  ✅ TICKET-018-15: ruchy bench (NOT IMPLEMENTED - baseline established)

🎉 Phase 1D COMPLETE (3/3 tools validated)
Progress: 12/18 tools (66.7%) - APPROACHING 75% MILESTONE!

============================================================
⚡ PERFORMANCE COMPARISON
============================================================
Detection time per file:
  ruchy bench: 3ms avg
  (Static tools: ~3ms avg for comparison)
  Note: Fast detection because command returns immediately

✅ Validation complete - baseline established for future implementation
