📚 TICKET-028-32: ruchydbg help Command Validation
🎉 Phase 2D: Debugger Utilities (2/8)
================================================================================

📋 Test Configuration:
   Command: ruchydbg help (debugger help system)
   Purpose: Display debugger usage documentation
   Usage: ruchydbg help / ruchydbg -h

🧪 Test: Help Command
   Help command works: ✅
   Short form (-h) works: ✅
   All commands documented: ✅
   Features documented: ✅
   Examples provided: ✅
   Output quality: ✅
   Execution time: 2.80ms

================================================================================
📊 Assessment Summary:

✅ ruchydbg help Status: FULLY FUNCTIONAL

   Command Infrastructure:
   • Help command exists: ✅
   • Short form (-h): ✅
   • Commands documented: ✅
   • Features documented: ✅
   • Examples provided: ✅
   • Output quality: ✅

   Help Content Coverage:
   • Commands: run, validate, version, help
   • Debugging features
   • Usage information
   • Clean formatting

   Performance Analysis:
   • Execution time: 2.80ms
   • Performance: ✅ (<10ms target met)

   Help System Features:
   • Long form (help): ✅
   • Short form (-h): ✅
   • Command documentation: ✅
   • Feature documentation: ✅
   • Usage examples: ✅
   • Clean formatting: ✅
   • Instant response: ✅

================================================================================
🎉 Phase 2D Progress (2/8 - 25%)
   ✅ TICKET-028-31: ruchydbg version (fully functional!)
   ✅ TICKET-028-32: ruchydbg help (fully functional!)
   🔜 6 more Phase 2D tools

🎯 Overall Progress: 42/48 tools (87.5%)
📊 Phase 1: 18/18 (100%) ✅ COMPLETE
📊 Phase 2A: 5/5 (100%) ✅ COMPLETE
📊 Phase 2B: 7/7 (100%) ✅ COMPLETE
📊 Phase 2C: 10/10 (100%) ✅ COMPLETE
📊 Phase 2D: 2/8 (25%) 🎉 PROGRESSING!
================================================================================

🎊 Moving towards 90% overall coverage! 🎊

