📚 TICKET-028-31: ruchydbg version Command Validation
🎉 Phase 2D: Debugger Utilities (1/8 - FIRST!)
================================================================================

📋 Test Configuration:
   Command: ruchydbg version (debugger version info)
   Purpose: Display debugger version
   Usage: ruchydbg version / ruchydbg -v

🧪 Test: Version Command
   Version command works: ✅
   Short form (-v) works: ✅
   Version format valid: ✅
   Output quality: ✅
   Version detected: 1.9.1
   Execution time: 2.71ms

================================================================================
📊 Assessment Summary:

✅ ruchydbg version Status: FULLY FUNCTIONAL

   Command Infrastructure:
   • Version command exists: ✅
   • Short form (-v): ✅
   • Version format: ✅
   • Output quality: ✅

   Version Information:
   • Debugger version: 1.9.1
   • Format: Semantic versioning (X.Y.Z)

   Performance Analysis:
   • Execution time: 2.71ms
   • Performance: ✅ (<10ms target met)

   Version Command Features:
   • Long form (version): ✅
   • Short form (-v): ✅
   • Semantic versioning: ✅
   • Clean output: ✅
   • Instant response: ✅

================================================================================
🎉🎉🎉 Phase 2D Progress (1/8 - 12.5% - STARTED!) 🎉🎉🎉
   ✅ TICKET-028-31: ruchydbg version (FIRST - fully functional!)
   🔜 7 more Phase 2D tools

🎯 Overall Progress: 41/48 tools (85.4%)
📊 Phase 1: 18/18 (100%) ✅ COMPLETE
📊 Phase 2A: 5/5 (100%) ✅ COMPLETE
📊 Phase 2B: 7/7 (100%) ✅ COMPLETE
📊 Phase 2C: 10/10 (100%) ✅ COMPLETE
📊 Phase 2D: 1/8 (12.5%) 🎉 STARTED!
================================================================================

🎊 PHASE 2D STARTED! Moving towards 90% overall coverage! 🎊

