📚 TICKET-028-34: ruchy --version Flag Validation
🎉 Phase 2D: Debugger Utilities (4/8 - 50% MILESTONE!)
================================================================================

📋 Test Configuration:
   Flag: --version (global version information)
   Purpose: Display Ruchy version
   Usage: ruchy --version / ruchy -V

🧪 Test: Version Flag
   Version flag works: ✅
   Short form (-V) works: ✅
   Version format valid: ✅
   Output quality: ✅
   Version detected: 3.157.0
   Execution time: 7.25ms

================================================================================
📊 Assessment Summary:

✅ ruchy --version Status: FULLY FUNCTIONAL

   Flag Infrastructure:
   • Version flag exists: ✅
   • Short form (-V): ✅
   • Version format: ✅
   • Output quality: ✅

   Version Information:
   • Ruchy version: 3.157.0
   • Format: Semantic versioning (X.Y.Z)

   Performance Analysis:
   • Execution time: 7.25ms
   • Performance: ✅ (<10ms target met)

   Global Flag Features:
   • Long form (--version): ✅
   • Short form (-V): ✅
   • Semantic versioning: ✅
   • Clean output: ✅
   • Instant response: ✅

================================================================================
🎉 Phase 2D Progress (4/8 - 50% - HALF COMPLETE!)
   ✅ TICKET-028-31: ruchydbg version (fully functional!)
   ✅ TICKET-028-32: ruchydbg help (fully functional!)
   ✅ TICKET-028-33: --verbose flag (fully functional!)
   ✅ TICKET-028-34: ruchy --version (fully functional!)
   🔜 4 more Phase 2D tools

🎯 Overall Progress: 44/48 tools (91.7%)
📊 Phase 1: 18/18 (100%) ✅ COMPLETE
📊 Phase 2A: 5/5 (100%) ✅ COMPLETE
📊 Phase 2B: 7/7 (100%) ✅ COMPLETE
📊 Phase 2C: 10/10 (100%) ✅ COMPLETE
📊 Phase 2D: 4/8 (50%) 🎉 HALF COMPLETE!
================================================================================

🎊 Phase 2D 50% Milestone! Just 4 more tools to complete! 🎊

