📦 TICKET-028-21: ruchy new Validation
🚀 Phase 2C: Low Priority Tools (1/10 - FIRST!)
================================================================================

📋 Test Configuration:
   Tool: ruchy new (project creation)
   Purpose: Create new Ruchy projects with Cargo integration
   Expected: Complete project scaffolding

🧪 Test 1: Project Creation
   Command exists: ✅
   Project created: ✅
   Cargo integration: ✅
   Structure correct: ✅
   Main file generated: ✅
   Execution time: 98.44ms


🧪 Test 2: Library Project Creation
   Library project: ✅

================================================================================
📊 Assessment Summary:

✅ ruchy new Status: FULLY FUNCTIONAL

   Command Infrastructure:
   • Command exists: ✅
   • Help system: ✅
   • Project creation: ✅

   Project Features:
   • Cargo.toml generation: ✅
   • Main file (src/main.ruchy): ✅
   • Build script (build.rs): ✅
   • README.md: ✅
   • Library support (--lib): ✅

   Performance Analysis:
   • Project creation: 98.44ms

   Project Management Capabilities:
   • Complete project scaffolding
   • Cargo integration (Rust ecosystem)
   • Build script automation
   • Binary and library support

================================================================================
🚀 Phase 2C Progress (1/10 - 10%):
   ✅ TICKET-028-21: ruchy new (FIRST - fully functional!)
   🔜 TICKET-028-22: ruchy build (NEXT)
   🔜 8 more Phase 2C tools

📊 Overall Progress: 31/48 tools (64.6%)
📊 Phase 1: 18/18 (100%) ✅ COMPLETE
📊 Phase 2A: 5/5 (100%) ✅ COMPLETE
📊 Phase 2B: 7/7 (100%) ✅ COMPLETE
📊 Phase 2C: 1/10 (10%) 🚀 STARTED!
================================================================================

