🔧 TICKET-028-06: ruchy transpile Validation
🚀 Phase 2A: High Priority Tools (4/5 - 80%)
================================================================================

📋 Test Configuration:
   Tool: ruchy transpile (Rust code generation)
   Purpose: Transpile Ruchy to Rust with type inference
   Expected: Valid, compilable Rust code

🧪 Test 1: Basic Transpilation (to stdout)
   Success: ✅
   Rust generated: ✅
   Type inference: ✅
   Transpile time: 3.84ms

🧪 Test 2: Transpile to File (-o option)
   Success: ✅
   Output file created: ✅
   Transpile time: 3.86ms

🧪 Test 3: Generated Rust Compilation (rustc)
   Rust compiles: ✅
   Compile time: 97.54ms

🧪 Test 4: Generated Rust Code Quality
   Sample generated Rust:
      fn add(x: i32, y: i32) -> i32 {
          x + y
      }
      fn main() {
          {
              let result = add(42, 8);
              println!("{:?}", format!("{}{}", "Result: ", result))
          }
      }
      

================================================================================
📊 Assessment Summary:

✅ ruchy transpile Status: FULLY FUNCTIONAL

   Key Features Working:
   • Rust code generation: ✅
   • Type inference: ✅
   • Output to file: ✅
   • Generated Rust compiles: ✅

   Code Generation Quality:
   • Valid Rust syntax
   • Type annotations present
   • Compiles with rustc
   • Idiomatic structure

   Performance Analysis:
   • Transpilation: 3.84ms
   • Rust compilation: 97.54ms
   • Total: 101.39ms

   Comparison with other tools:
   • ruchy run: ~3ms (direct execution)
   • ruchy transpile: 3.84ms (codegen only)
   • ruchy compile: ~142ms (full compilation)

================================================================================
🚀 Phase 2A Progress (4/5 - 80%):
   ✅ TICKET-028-16: --trace flag (baseline)
   ✅ TICKET-028-19: ruchydbg run (fully functional)
   ✅ TICKET-028-15: ruchy wasm (fully functional)
   ✅ TICKET-028-06: ruchy transpile (CURRENT - fully functional!)
   🔜 TICKET-028-05: ruchy parse (FINAL - NEXT)

📊 Overall Progress: 22/48 tools (45.8% including Phase 1)
================================================================================
