🔬 TICKET-028-11: ruchy property-tests Validation
🚀 Phase 2B: Medium Priority Tools (1/7)
================================================================================

📋 Test Configuration:
   Tool: ruchy property-tests (property-based testing)
   Purpose: Generate and run property-based tests
   Expected: Automated test generation with configurable cases

🧪 Test 1: Basic Property Testing (10 cases)
   Success: ✅
   Tests run: 11
   Tests passed: 11
   Tests failed: 0
   Properties generated: 2
   Execution time: 100.58ms

🧪 Test 2: Larger Case Count (100 cases)
   Success: ✅
   Tests run: 101
   Execution time: 153.27ms
   Performance ratio: 1.5x slower

🧪 Test 3: Output Format Support
   Text format: ✅
   JSON format: ✅
   Markdown format: ✅

🧪 Test 4: Performance Scaling Analysis
   10 cases: 97.43ms
   50 cases: 120.23ms
   100 cases: 143.68ms
   Average time per case: 1.44ms

================================================================================
📊 Assessment Summary:

✅ ruchy property-tests Status: FULLY FUNCTIONAL

   Key Features Working:
   • Property test generation: ✅
   • Configurable case count: ✅
   • Test execution: ✅
   • Multiple output formats: ✅

   Property Testing Capabilities:
   • Automated test generation
   • Panic detection across iterations
   • Output determinism verification
   • Configurable thoroughness (cases)
   • Format flexibility (text, JSON, markdown)

   Performance Analysis:
   • 10 cases: 100.58ms
   • 100 cases: 153.27ms
   • Time per case: 1.44ms
   • Estimated 10000 cases: 14368ms (~14.4s)

   Comparison with other tools:
   • ruchy test: ~3ms (unit tests only)
   • ruchy property-tests: 100.58ms (10 cases, automated)
   • Property testing: Finds edge cases unit tests miss

================================================================================
🚀 Phase 2B Progress (1/7 - 14.3%):
   ✅ TICKET-028-11: ruchy property-tests (CURRENT - fully functional!)
   🔜 TICKET-028-12: ruchy mutations (NEXT)
   🔜 TICKET-028-13: ruchy fuzz
   🔜 TICKET-028-07: ruchy notebook
   🔜 TICKET-028-09: ruchy actor:observe
   🔜 TICKET-028-10: ruchy dataflow:debug
   🔜 TICKET-028-20: ruchydbg validate

📊 Overall Progress: 24/48 tools (50% - MILESTONE!)
📊 Phase 1: 18/18 (100%) ✅ COMPLETE
📊 Phase 2A: 5/5 (100%) ✅ COMPLETE
📊 Phase 2B: 1/7 (14.3%) 🚀 STARTED
================================================================================
