🔨 TICKET-028-22: ruchy build Validation
🚀 Phase 2C: Low Priority Tools (2/10)
================================================================================

📋 Test Configuration:
   Tool: ruchy build (build wrapper)
   Purpose: Wrapper around cargo build for Ruchy projects
   Expected: Transparent Cargo integration

🧪 Test: Build Functionality
   Note: This test creates a project and builds it (may take ~1 minute)
   Command exists: ✅
   Debug build works: ✅
   Release build works: ✅
   Binary created: ✅
   Binary size: 3.76 MB
   Total execution time: 98.24s

================================================================================
📊 Assessment Summary:

✅ ruchy build Status: FULLY FUNCTIONAL

   Command Infrastructure:
   • Command exists: ✅
   • Help system: ✅
   • Debug builds: ✅
   • Release builds: ✅

   Build Features:
   • Cargo wrapper: ✅
   • Debug mode (default): ✅
   • Release mode (--release): ✅
   • Binary generation: ✅
   • Build script integration: ✅

   Performance Analysis:
   • Build time: 98.24s
   • Binary size: 3.76 MB

   Build Management Capabilities:
   • Transparent Cargo integration
   • Automatic Ruchy transpilation
   • Debug and release profiles
   • Standard Rust toolchain

================================================================================
🚀 Phase 2C Progress (2/10 - 20%):
   ✅ TICKET-028-21: ruchy new (fully functional!)
   ✅ TICKET-028-22: ruchy build (CURRENT - fully functional!)
   🔜 TICKET-028-23: ruchy add (NEXT)
   🔜 7 more Phase 2C tools

📊 Overall Progress: 32/48 tools (66.7%)
📊 Phase 1: 18/18 (100%) ✅ COMPLETE
📊 Phase 2A: 5/5 (100%) ✅ COMPLETE
📊 Phase 2B: 7/7 (100%) ✅ COMPLETE
📊 Phase 2C: 2/10 (20%) 🚀 PROGRESSING!
================================================================================

